Retrieving lein-daemon-runtime/lein-daemon-runtime/0.5.0/lein-daemon-runtime-0.5.0.pom from clojars
Retrieving com/sun/jna/jna/3.0.9/jna-3.0.9.pom from central
Retrieving org/jruby/ext/posix/jna-posix/1.0.3/jna-posix-1.0.3.pom from central
Retrieving org/jruby/ext/posix/jna-posix/1.0.3/jna-posix-1.0.3.jar from central
Retrieving com/sun/jna/jna/3.0.9/jna-3.0.9.jar from central
Retrieving lein-daemon-runtime/lein-daemon-runtime/0.5.0/lein-daemon-runtime-0.5.0.jar from clojars
requiring instafoursquare.core
SLF4J: Failed to load class "org.slf4j.impl.StaticLoggerBinder".
SLF4J: Defaulting to no-operation (NOP) logger implementation
SLF4J: See http://www.slf4j.org/codes.html#StaticLoggerBinder for further details.
Exception in thread "main" java.lang.NoClassDefFoundError: clj_time/core/DateTimeProtocol, compiling:(instafoursquare/stitch.clj:1:1)
	at clojure.lang.Compiler.load(Compiler.java:7142)
	at clojure.lang.RT.loadResourceScript(RT.java:370)
	at clojure.lang.RT.loadResourceScript(RT.java:361)
	at clojure.lang.RT.load(RT.java:440)
	at clojure.lang.RT.load(RT.java:411)
	at clojure.core$load$fn__5066.invoke(core.clj:5641)
	at clojure.core$load.doInvoke(core.clj:5640)
	at clojure.lang.RestFn.invoke(RestFn.java:408)
	at clojure.core$load_one.invoke(core.clj:5446)
	at clojure.core$load_lib$fn__5015.invoke(core.clj:5486)
	at clojure.core$load_lib.doInvoke(core.clj:5485)
	at clojure.lang.RestFn.applyTo(RestFn.java:142)
	at clojure.core$apply.invoke(core.clj:626)
	at clojure.core$load_libs.doInvoke(core.clj:5524)
	at clojure.lang.RestFn.applyTo(RestFn.java:137)
	at clojure.core$apply.invoke(core.clj:626)
	at clojure.core$require.doInvoke(core.clj:5607)
	at clojure.lang.RestFn.invoke(RestFn.java:512)
	at instafoursquare.core$eval59$loading__4958__auto____60.invoke(core.clj:1)
	at instafoursquare.core$eval59.invoke(core.clj:1)
	at clojure.lang.Compiler.eval(Compiler.java:6703)
	at clojure.lang.Compiler.eval(Compiler.java:6692)
	at clojure.lang.Compiler.load(Compiler.java:7130)
	at clojure.lang.RT.loadResourceScript(RT.java:370)
	at clojure.lang.RT.loadResourceScript(RT.java:361)
	at clojure.lang.RT.load(RT.java:440)
	at clojure.lang.RT.load(RT.java:411)
	at clojure.core$load$fn__5066.invoke(core.clj:5641)
	at clojure.core$load.doInvoke(core.clj:5640)
	at clojure.lang.RestFn.invoke(RestFn.java:408)
	at clojure.core$load_one.invoke(core.clj:5446)
	at clojure.core$load_lib$fn__5015.invoke(core.clj:5486)
	at clojure.core$load_lib.doInvoke(core.clj:5485)
	at clojure.lang.RestFn.applyTo(RestFn.java:142)
	at clojure.core$apply.invoke(core.clj:626)
	at clojure.core$load_libs.doInvoke(core.clj:5524)
	at clojure.lang.RestFn.applyTo(RestFn.java:137)
	at clojure.core$apply.invoke(core.clj:626)
	at clojure.core$require.doInvoke(core.clj:5607)
	at clojure.lang.RestFn.invoke(RestFn.java:408)
	at user$eval55.invoke(form-init6768184535208950090.clj:1)
	at clojure.lang.Compiler.eval(Compiler.java:6703)
	at clojure.lang.Compiler.eval(Compiler.java:6693)
	at clojure.lang.Compiler.eval(Compiler.java:6692)
	at clojure.lang.Compiler.load(Compiler.java:7130)
	at clojure.lang.Compiler.loadFile(Compiler.java:7086)
	at clojure.main$load_script.invoke(main.clj:274)
	at clojure.main$init_opt.invoke(main.clj:279)
	at clojure.main$initialize.invoke(main.clj:307)
	at clojure.main$null_opt.invoke(main.clj:342)
	at clojure.main$main.doInvoke(main.clj:420)
	at clojure.lang.RestFn.invoke(RestFn.java:421)
	at clojure.lang.Var.invoke(Var.java:383)
	at clojure.lang.AFn.applyToHelper(AFn.java:156)
	at clojure.lang.Var.applyTo(Var.java:700)
	at clojure.main.main(main.java:37)
Caused by: java.lang.NoClassDefFoundError: clj_time/core/DateTimeProtocol
	at clj_time.coerce__init.load(Unknown Source)
	at clj_time.coerce__init.<clinit>(Unknown Source)
	at java.lang.Class.forName0(Native Method)
	at java.lang.Class.forName(Class.java:264)
	at clojure.lang.RT.loadClassForName(RT.java:2093)
	at clojure.lang.RT.load(RT.java:430)
	at clojure.lang.RT.load(RT.java:411)
	at clojure.core$load$fn__5066.invoke(core.clj:5641)
	at clojure.core$load.doInvoke(core.clj:5640)
	at clojure.lang.RestFn.invoke(RestFn.java:408)
	at clojure.core$load_one.invoke(core.clj:5446)
	at clojure.core$load_lib$fn__5015.invoke(core.clj:5486)
	at clojure.core$load_lib.doInvoke(core.clj:5485)
	at clojure.lang.RestFn.applyTo(RestFn.java:142)
	at clojure.core$apply.invoke(core.clj:626)
	at clojure.core$load_libs.doInvoke(core.clj:5524)
	at clojure.lang.RestFn.applyTo(RestFn.java:137)
	at clojure.core$apply.invoke(core.clj:628)
	at clojure.core$use.doInvoke(core.clj:5618)
	at clojure.lang.RestFn.invoke(RestFn.java:436)
	at incanter.charts$loading__4958__auto__.invoke(charts.clj:19)
	at incanter.charts__init.load(Unknown Source)
	at incanter.charts__init.<clinit>(Unknown Source)
	at java.lang.Class.forName0(Native Method)
	at java.lang.Class.forName(Class.java:264)
	at clojure.lang.RT.loadClassForName(RT.java:2093)
	at clojure.lang.RT.load(RT.java:430)
	at clojure.lang.RT.load(RT.java:411)
	at clojure.core$load$fn__5066.invoke(core.clj:5641)
	at clojure.core$load.doInvoke(core.clj:5640)
	at clojure.lang.RestFn.invoke(RestFn.java:408)
	at clojure.core$load_one.invoke(core.clj:5446)
	at clojure.core$load_lib$fn__5015.invoke(core.clj:5486)
	at clojure.core$load_lib.doInvoke(core.clj:5485)
	at clojure.lang.RestFn.applyTo(RestFn.java:142)
	at clojure.core$apply.invoke(core.clj:626)
	at clojure.core$load_libs.doInvoke(core.clj:5528)
	at clojure.lang.RestFn.applyTo(RestFn.java:137)
	at clojure.core$apply.invoke(core.clj:628)
	at clojure.core$use.doInvoke(core.clj:5618)
	at clojure.lang.RestFn.invoke(RestFn.java:408)
	at instafoursquare.stitch$eval6332$loading__4958__auto____6333.invoke(stitch.clj:1)
	at instafoursquare.stitch$eval6332.invoke(stitch.clj:1)
	at clojure.lang.Compiler.eval(Compiler.java:6703)
	at clojure.lang.Compiler.eval(Compiler.java:6692)
	at clojure.lang.Compiler.load(Compiler.java:7130)
	... 55 more
Caused by: java.lang.ClassNotFoundException: clj_time.core.DateTimeProtocol
	at java.net.URLClassLoader$1.run(URLClassLoader.java:366)
	at java.net.URLClassLoader$1.run(URLClassLoader.java:355)
	at java.security.AccessController.doPrivileged(Native Method)
	at java.net.URLClassLoader.findClass(URLClassLoader.java:354)
	at java.lang.ClassLoader.loadClass(ClassLoader.java:423)
	at sun.misc.Launcher$AppClassLoader.loadClass(Launcher.java:308)
	at java.lang.ClassLoader.loadClass(ClassLoader.java:356)
	... 101 more
Subprocess failed
